<?xml version="1.0" encoding="UTF-8"?>
<testng-results skipped="0" failed="0" total="1" passed="1">
  <reporter-output>
  </reporter-output>
  <suite name="Default suite" duration-ms="44906" started-at="2018-04-05T09:53:05Z" finished-at="2018-04-05T09:53:50Z">
    <groups>
    </groups>
    <test name="Default test" duration-ms="44906" started-at="2018-04-05T09:53:05Z" finished-at="2018-04-05T09:53:50Z">
      <class name="post_test">
        <test-method status="PASS" signature="getData()[pri:0, instance:post_test@f96093]" name="getData" is-config="true" duration-ms="76" started-at="2018-04-05T15:23:05Z" finished-at="2018-04-05T15:23:05Z">
          <reporter-output>
          </reporter-output>
        </test-method> <!-- getData -->
        <test-method status="PASS" signature="postData()[pri:0, instance:post_test@f96093]" name="postData" duration-ms="44772" started-at="2018-04-05T15:23:05Z" finished-at="2018-04-05T15:23:50Z">
          <reporter-output>
          </reporter-output>
        </test-method> <!-- postData -->
      </class> <!-- post_test -->
    </test> <!-- Default test -->
  </suite> <!-- Default suite -->
</testng-results>
